<?xml version="1.0" encoding="UTF-8"?>
<!-- Generated by org.testng.reporters.JUnitXMLReporter -->
<testsuite ignored="20" hostname="DESKTOP-U3S0M86" failures="1" tests="2" name="Test(failed)(failed)(failed)" time="32.807" errors="0" timestamp="2023-02-02T12:33:56 IST">
  <testcase classname="test.UserPageTest" name="validateBackBtn" time="0.942"/>
  <testcase classname="test.CorporatePageTest" name="validateViewEntityButton" time="10.04">
    <failure type="org.openqa.selenium.NoSuchElementException" message="no such element: Unable to locate element: {&amp;quot;method&amp;quot;:&amp;quot;xpath&amp;quot;,&amp;quot;selector&amp;quot;:&amp;quot;//a[@class=&amp;apos;k-button k-button-icontext k-grid-arrow-right k-grid-proceed k-state-border-down&amp;apos;]&amp;quot;}
  (Session info: chrome=109.0.5414.120)
For documentation on this error, please visit: https://selenium.dev/exceptions/#no_such_element
Build info: version: &amp;apos;4.7.2&amp;apos;, revision: &amp;apos;4d4020c3b7&amp;apos;
System info: os.name: &amp;apos;Windows 10&amp;apos;, os.arch: &amp;apos;amd64&amp;apos;, os.version: &amp;apos;10.0&amp;apos;, java.version: &amp;apos;17.0.5&amp;apos;
Driver info: org.openqa.selenium.chrome.ChromeDriver
Command: [4e027597efa4bdb58c7bcd4a202ec03b, findElement {using=xpath, value=//a[@class=&amp;apos;k-button k-button-icontext k-grid-arrow-right k-grid-proceed k-state-border-down&amp;apos;]}]
Capabilities {acceptInsecureCerts: false, browserName: chrome, browserVersion: 109.0.5414.120, chrome: {chromedriverVersion: 109.0.5414.74 (e7c5703604da..., userDataDir: C:\Users\AJINKY~1\AppData\L...}, goog:chromeOptions: {debuggerAddress: localhost:49175}, networkConnectionEnabled: false, pageLoadStrategy: normal, platformName: WINDOWS, proxy: Proxy(), se:cdp: ws://localhost:49175/devtoo..., se:cdpVersion: 109.0.5414.120, setWindowRect: true, strictFileInteractability: false, timeouts: {implicit: 0, pageLoad: 300000, script: 30000}, unhandledPromptBehavior: dismiss and notify, webauthn:extension:credBlob: true, webauthn:extension:largeBlob: true, webauthn:virtualAuthenticators: true}
Session ID: 4e027597efa4bdb58c7bcd4a202ec03b">
      <![CDATA[org.openqa.selenium.NoSuchElementException: no such element: Unable to locate element: {"method":"xpath","selector":"//a[@class='k-button k-button-icontext k-grid-arrow-right k-grid-proceed k-state-border-down']"}
  (Session info: chrome=109.0.5414.120)
For documentation on this error, please visit: https://selenium.dev/exceptions/#no_such_element
Build info: version: '4.7.2', revision: '4d4020c3b7'
System info: os.name: 'Windows 10', os.arch: 'amd64', os.version: '10.0', java.version: '17.0.5'
Driver info: org.openqa.selenium.chrome.ChromeDriver
Command: [4e027597efa4bdb58c7bcd4a202ec03b, findElement {using=xpath, value=//a[@class='k-button k-button-icontext k-grid-arrow-right k-grid-proceed k-state-border-down']}]
Capabilities {acceptInsecureCerts: false, browserName: chrome, browserVersion: 109.0.5414.120, chrome: {chromedriverVersion: 109.0.5414.74 (e7c5703604da..., userDataDir: C:\Users\AJINKY~1\AppData\L...}, goog:chromeOptions: {debuggerAddress: localhost:49175}, networkConnectionEnabled: false, pageLoadStrategy: normal, platformName: WINDOWS, proxy: Proxy(), se:cdp: ws://localhost:49175/devtoo..., se:cdpVersion: 109.0.5414.120, setWindowRect: true, strictFileInteractability: false, timeouts: {implicit: 0, pageLoad: 300000, script: 30000}, unhandledPromptBehavior: dismiss and notify, webauthn:extension:credBlob: true, webauthn:extension:largeBlob: true, webauthn:virtualAuthenticators: true}
Session ID: 4e027597efa4bdb58c7bcd4a202ec03b
at org.openqa.selenium.remote.codec.w3c.W3CHttpResponseCodec.createException(W3CHttpResponseCodec.java:200)
at org.openqa.selenium.remote.codec.w3c.W3CHttpResponseCodec.decode(W3CHttpResponseCodec.java:133)
at org.openqa.selenium.remote.codec.w3c.W3CHttpResponseCodec.decode(W3CHttpResponseCodec.java:53)
at org.openqa.selenium.remote.HttpCommandExecutor.execute(HttpCommandExecutor.java:184)
at org.openqa.selenium.remote.service.DriverCommandExecutor.invokeExecute(DriverCommandExecutor.java:167)
at org.openqa.selenium.remote.service.DriverCommandExecutor.execute(DriverCommandExecutor.java:142)
at org.openqa.selenium.remote.RemoteWebDriver.execute(RemoteWebDriver.java:535)
at org.openqa.selenium.remote.ElementLocation$ElementFinder$2.findElement(ElementLocation.java:162)
at org.openqa.selenium.remote.ElementLocation.findElement(ElementLocation.java:60)
at org.openqa.selenium.remote.RemoteWebDriver.findElement(RemoteWebDriver.java:351)
at org.openqa.selenium.remote.RemoteWebDriver.findElement(RemoteWebDriver.java:343)
at org.openqa.selenium.support.pagefactory.DefaultElementLocator.findElement(DefaultElementLocator.java:70)
at org.openqa.selenium.support.pagefactory.internal.LocatingElementHandler.invoke(LocatingElementHandler.java:39)
at jdk.proxy2/jdk.proxy2.$Proxy17.click(Unknown Source)
at pages.CorporatePage.viewEntityBtn(CorporatePage.java:201)
at test.CorporatePageTest.validateViewEntityButton(CorporatePageTest.java:94)
at java.base/java.util.ArrayList.forEach(ArrayList.java:1511)
... Removed 32 stack frames]]>
    </failure>
  </testcase> <!-- validateViewEntityButton -->
  <testcase classname="test.CorporatePageTest" name="validateCustumerNameDD" time="0.0">
    <ignored/>
  </testcase> <!-- validateCustumerNameDD -->
  <testcase classname="test.UserPageTest" name="validateEditBtn_withInvalidData" time="0.0">
    <ignored/>
  </testcase> <!-- validateEditBtn_withInvalidData -->
  <testcase classname="test.CorporatePageTest" name="validateEditBtn_ValidData" time="0.0">
    <ignored/>
  </testcase> <!-- validateEditBtn_ValidData -->
  <testcase classname="test.UserPageTest" name="validate_save_btn_with_2_mandetory_field" time="0.0">
    <ignored/>
  </testcase> <!-- validate_save_btn_with_2_mandetory_field -->
  <testcase classname="test.CorporatePageTest" name="validateBackBtn" time="0.0">
    <ignored/>
  </testcase> <!-- validateBackBtn -->
  <testcase classname="test.CorporatePageTest" name="validatePagination" time="0.0">
    <ignored/>
  </testcase> <!-- validatePagination -->
  <testcase classname="test.CorporatePageTest" name="validateSavebtnWith2MandField" time="0.0">
    <ignored/>
  </testcase> <!-- validateSavebtnWith2MandField -->
  <testcase classname="test.CorporatePageTest" name="validateCustDeleteButton_Cancel" time="0.0">
    <ignored/>
  </testcase> <!-- validateCustDeleteButton_Cancel -->
  <testcase classname="test.UserPageTest" name="validateDropDown" time="0.0">
    <ignored/>
  </testcase> <!-- validateDropDown -->
  <testcase classname="test.UserPageTest" name="validateDeleteBtn_Cancel" time="0.0">
    <ignored/>
  </testcase> <!-- validateDeleteBtn_Cancel -->
  <testcase classname="test.UserPageTest" name="validateEditBtn_withvalidData_and_Update" time="0.0">
    <ignored/>
  </testcase> <!-- validateEditBtn_withvalidData_and_Update -->
  <testcase classname="test.UserPageTest" name="validate_save_btn_with_blank_field" time="0.0">
    <ignored/>
  </testcase> <!-- validate_save_btn_with_blank_field -->
  <testcase classname="test.UserPageTest" name="validateDeleteBtn" time="0.0">
    <ignored/>
  </testcase> <!-- validateDeleteBtn -->
  <testcase classname="test.UserPageTest" name="validateResetPwd" time="0.0">
    <ignored/>
  </testcase> <!-- validateResetPwd -->
  <testcase classname="test.CorporatePageTest" name="validateCustDeleteButton_OK" time="0.0">
    <ignored/>
  </testcase> <!-- validateCustDeleteButton_OK -->
  <testcase classname="test.CorporatePageTest" name="validateAllField" time="0.0">
    <ignored/>
  </testcase> <!-- validateAllField -->
  <testcase classname="test.CorporatePageTest" name="validateEditBtn_InvalidData" time="0.0">
    <ignored/>
  </testcase> <!-- validateEditBtn_InvalidData -->
  <testcase classname="test.CorporatePageTest" name="validateCustClearButton" time="0.0">
    <ignored/>
  </testcase> <!-- validateCustClearButton -->
  <testcase classname="test.UserPageTest" name="validatePagination" time="0.0">
    <ignored/>
  </testcase> <!-- validatePagination -->
  <testcase classname="test.UserPageTest" name="validateSearchBarClrBtn" time="0.0">
    <ignored/>
  </testcase> <!-- validateSearchBarClrBtn -->
</testsuite> <!-- Test(failed)(failed)(failed) -->
